<?xml version="1.0" encoding="UTF-8"?>
<testng-results ignored="0" total="1" passed="1" failed="0" skipped="0">
  <reporter-output>
  </reporter-output>
  <suite started-at="2021-05-22T20:08:15 IST" name="Default suite" finished-at="2021-05-22T20:08:19 IST" duration-ms="3884">
    <groups>
    </groups>
    <test started-at="2021-05-22T20:08:15 IST" name="Default test" finished-at="2021-05-22T20:08:19 IST" duration-ms="3884">
      <class name="tests.PutPatchDeleteExample">
        <test-method signature="testDelete()[pri:0, instance:tests.PutPatchDeleteExample@3541cb24]" started-at="2021-05-22T20:08:15 IST" name="testDelete" finished-at="2021-05-22T20:08:19 IST" duration-ms="3821" status="PASS">
          <reporter-output>
          </reporter-output>
        </test-method> <!-- testDelete -->
      </class> <!-- tests.PutPatchDeleteExample -->
    </test> <!-- Default test -->
  </suite> <!-- Default suite -->
</testng-results>
